current directory: /Users/satoumasato/rails/devise_sample4/vender/bundle/ruby/2.6.0/gems/bcrypt-3.1.16/ext/mri
/Users/satoumasato/.rbenv/versions/2.6.6/bin/ruby -I /Users/satoumasato/.rbenv/versions/2.6.6/lib/ruby/2.6.0 -r ./siteconf20201121-42793-5555u9.rb extconf.rb
creating Makefile

current directory: /Users/satoumasato/rails/devise_sample4/vender/bundle/ruby/2.6.0/gems/bcrypt-3.1.16/ext/mri
make "DESTDIR=" clean

current directory: /Users/satoumasato/rails/devise_sample4/vender/bundle/ruby/2.6.0/gems/bcrypt-3.1.16/ext/mri
make "DESTDIR="
compiling bcrypt_ext.c
compiling crypt_blowfish.c
clang  -D__SKIP_GNU -I/Users/satoumasato/.rbenv/versions/2.6.6/include  -D_XOPEN_SOURCE -D_DARWIN_C_SOURCE -D_DARWIN_UNLIMITED_SELECT -D_REENTRANT    -c -o x86.o x86.S
compiling crypt_gensalt.c
compiling wrapper.c
wrapper.c:182:60: warning: declaration of 'struct crypt_data' will not be visible outside of this function [-Wvisibility]
char *crypt_r(const char *key, const char *setting, struct crypt_data *data)
                                                           ^
1 warning generated.
linking shared-object bcrypt_ext.bundle

current directory: /Users/satoumasato/rails/devise_sample4/vender/bundle/ruby/2.6.0/gems/bcrypt-3.1.16/ext/mri
make "DESTDIR=" install
/usr/bin/install -c -m 0755 bcrypt_ext.bundle ./.gem.20201121-42793-13urd2x
